<?xml version="1.0" encoding="UTF-8"?>
<robot generator="Robot 5.0.1 (Python 3.10.7 on win32)" generated="20221012 20:09:54.537" rpa="false" schemaversion="3">
<suite id="s1" name="Amazon Testes" source="C:\Curso Udemy\webtesting\amazon_testes.robot">
<test id="s1-t1" name="Casos de teste 1 Acesso ao menu &quot;Vendas na Amazon&quot;" line="10">
<kw name="Abrir o navegador" library="amazon_resources" type="SETUP">
<kw name="Open Browser" library="SeleniumLibrary">
<arg>browser=chrome</arg>
<doc>Opens a new browser instance to the optional ``url``.</doc>
<msg timestamp="20221012 20:09:54.750" level="INFO">Opening browser 'chrome' to base url 'None'.</msg>
<status status="PASS" starttime="20221012 20:09:54.750" endtime="20221012 20:09:55.853"/>
</kw>
<kw name="Maximize Browser Window" library="SeleniumLibrary">
<doc>Maximizes current browser window.</doc>
<status status="PASS" starttime="20221012 20:09:55.853" endtime="20221012 20:09:55.982"/>
</kw>
<status status="PASS" starttime="20221012 20:09:54.749" endtime="20221012 20:09:55.983"/>
</kw>
<kw name="Acessar a home page do site Amazon.com.br" library="amazon_resources">
<kw name="Go To" library="SeleniumLibrary">
<arg>${URL}</arg>
<doc>Navigates the current browser window to the provided ``url``.</doc>
<msg timestamp="20221012 20:09:55.984" level="INFO">Opening url 'https://www.amazon.com.br'</msg>
<status status="PASS" starttime="20221012 20:09:55.984" endtime="20221012 20:10:00.618"/>
</kw>
<kw name="Wait Until Element Is Visible" library="SeleniumLibrary">
<arg>locator=${MENU_VENDAS}</arg>
<doc>Waits until the element ``locator`` is visible.</doc>
<status status="PASS" starttime="20221012 20:10:00.618" endtime="20221012 20:10:00.662"/>
</kw>
<status status="PASS" starttime="20221012 20:09:55.983" endtime="20221012 20:10:00.662"/>
</kw>
<kw name="Entrar no menu &quot;Vendas na Amazon&quot;" library="amazon_resources">
<kw name="Click Element" library="SeleniumLibrary">
<arg>locator=${MENU_VENDAS}</arg>
<doc>Click the element identified by ``locator``.</doc>
<msg timestamp="20221012 20:10:00.664" level="INFO">Clicking element '//a[@href='/gp/browse.html?node=17877554011&amp;ref_=nav_cs_sell'][contains(.,'Venda na Amazon')]'.</msg>
<status status="PASS" starttime="20221012 20:10:00.663" endtime="20221012 20:10:01.109"/>
</kw>
<status status="PASS" starttime="20221012 20:10:00.662" endtime="20221012 20:10:01.109"/>
</kw>
<kw name="Verificar se aparece a frase &quot;Comece a vender na Amazon&quot;" library="amazon_resources">
<kw name="Wait Until Page Contains" library="SeleniumLibrary">
<arg>text=${Texto_Hearde_Vendas}</arg>
<doc>Waits until ``text`` appears on the current page.</doc>
<status status="PASS" starttime="20221012 20:10:01.110" endtime="20221012 20:10:01.689"/>
</kw>
<kw name="Wait Until Element Is Visible" library="SeleniumLibrary">
<arg>locator=${Hearde_Vendas}</arg>
<doc>Waits until the element ``locator`` is visible.</doc>
<status status="PASS" starttime="20221012 20:10:01.689" endtime="20221012 20:10:01.792"/>
</kw>
<status status="PASS" starttime="20221012 20:10:01.110" endtime="20221012 20:10:01.792"/>
</kw>
<kw name="Verificar se aparece a categoria &quot;Venda para milhões de clientes&quot;" library="amazon_resources">
<kw name="Element Should Be Visible" library="SeleniumLibrary">
<arg>locator=//h2[@class='heading align-start font-size-large color-squid-ink ember font-heavy'][contains(.,'Venda para milhões de clientes')]</arg>
<doc>Verifies that the element identified by ``locator`` is visible.</doc>
<msg timestamp="20221012 20:10:01.827" level="INFO">Element '//h2[@class='heading align-start font-size-large color-squid-ink ember font-heavy'][contains(.,'Venda para milhões de clientes')]' is displayed.</msg>
<status status="PASS" starttime="20221012 20:10:01.794" endtime="20221012 20:10:01.827"/>
</kw>
<status status="PASS" starttime="20221012 20:10:01.793" endtime="20221012 20:10:01.827"/>
</kw>
<kw name="Fechar o navegador" library="amazon_resources" type="TEARDOWN">
<kw name="Capture Page Screenshot" library="SeleniumLibrary">
<doc>Takes a screenshot of the current page and embeds it into a log file.</doc>
<msg timestamp="20221012 20:10:06.966" level="INFO" html="true">&lt;/td&gt;&lt;/tr&gt;&lt;tr&gt;&lt;td colspan="3"&gt;&lt;a href="selenium-screenshot-1.png"&gt;&lt;img src="selenium-screenshot-1.png" width="800px"&gt;&lt;/a&gt;</msg>
<status status="PASS" starttime="20221012 20:10:01.828" endtime="20221012 20:10:06.966"/>
</kw>
<kw name="Close Browser" library="SeleniumLibrary">
<doc>Closes the current browser.</doc>
<status status="PASS" starttime="20221012 20:10:06.966" endtime="20221012 20:10:09.284"/>
</kw>
<status status="PASS" starttime="20221012 20:10:01.827" endtime="20221012 20:10:09.284"/>
</kw>
<doc>Esse teste Verificar o menu Vendas na Amazon no site da Amazon.com.br
e verifica a categoria Ganhe dinheiro</doc>
<tag>menus categoria</tag>
<status status="PASS" starttime="20221012 20:09:54.748" endtime="20221012 20:10:09.285"/>
</test>
<test id="s1-t2" name="Casos de teste 2 Pesquisa de um Produto" line="20">
<kw name="Abrir o navegador" library="amazon_resources" type="SETUP">
<kw name="Open Browser" library="SeleniumLibrary">
<arg>browser=chrome</arg>
<doc>Opens a new browser instance to the optional ``url``.</doc>
<msg timestamp="20221012 20:10:09.290" level="INFO">Opening browser 'chrome' to base url 'None'.</msg>
<status status="PASS" starttime="20221012 20:10:09.290" endtime="20221012 20:10:10.374"/>
</kw>
<kw name="Maximize Browser Window" library="SeleniumLibrary">
<doc>Maximizes current browser window.</doc>
<status status="PASS" starttime="20221012 20:10:10.374" endtime="20221012 20:10:10.493"/>
</kw>
<status status="PASS" starttime="20221012 20:10:09.289" endtime="20221012 20:10:10.495"/>
</kw>
<kw name="Acessar a home page do site Amazon.com.br" library="amazon_resources">
<kw name="Go To" library="SeleniumLibrary">
<arg>${URL}</arg>
<doc>Navigates the current browser window to the provided ``url``.</doc>
<msg timestamp="20221012 20:10:10.498" level="INFO">Opening url 'https://www.amazon.com.br'</msg>
<status status="PASS" starttime="20221012 20:10:10.497" endtime="20221012 20:10:12.925"/>
</kw>
<kw name="Wait Until Element Is Visible" library="SeleniumLibrary">
<arg>locator=${MENU_VENDAS}</arg>
<doc>Waits until the element ``locator`` is visible.</doc>
<status status="PASS" starttime="20221012 20:10:12.926" endtime="20221012 20:10:12.967"/>
</kw>
<status status="PASS" starttime="20221012 20:10:10.496" endtime="20221012 20:10:12.967"/>
</kw>
<kw name="Digitar o nome de produto &quot;Xbox Series S&quot; no campo de Pesquisa&quot;" library="amazon_resources" sourcename="Digitar o nome de produto &quot;${PRODUTO}&quot; no campo de Pesquisa&quot;">
<kw name="Input Text" library="SeleniumLibrary">
<arg>locator=twotabsearchtextbox</arg>
<arg>text=${PRODUTO}</arg>
<doc>Types the given ``text`` into the text field identified by ``locator``.</doc>
<msg timestamp="20221012 20:10:12.969" level="INFO">Typing text 'Xbox Series S' into text field 'twotabsearchtextbox'.</msg>
<status status="PASS" starttime="20221012 20:10:12.969" endtime="20221012 20:10:13.173"/>
</kw>
<status status="PASS" starttime="20221012 20:10:12.968" endtime="20221012 20:10:13.173"/>
</kw>
<kw name="Fechar o navegador" library="amazon_resources" type="TEARDOWN">
<kw name="Capture Page Screenshot" library="SeleniumLibrary">
<doc>Takes a screenshot of the current page and embeds it into a log file.</doc>
<msg timestamp="20221012 20:10:13.534" level="INFO" html="true">&lt;/td&gt;&lt;/tr&gt;&lt;tr&gt;&lt;td colspan="3"&gt;&lt;a href="selenium-screenshot-2.png"&gt;&lt;img src="selenium-screenshot-2.png" width="800px"&gt;&lt;/a&gt;</msg>
<status status="PASS" starttime="20221012 20:10:13.175" endtime="20221012 20:10:13.534"/>
</kw>
<kw name="Close Browser" library="SeleniumLibrary">
<doc>Closes the current browser.</doc>
<status status="PASS" starttime="20221012 20:10:13.535" endtime="20221012 20:10:15.692"/>
</kw>
<status status="PASS" starttime="20221012 20:10:13.173" endtime="20221012 20:10:15.693"/>
</kw>
<doc>Esse teste verifica a busca de um produto</doc>
<tag>buscar produtos</tag>
<tag>lista da busca</tag>
<status status="PASS" starttime="20221012 20:10:09.288" endtime="20221012 20:10:15.694"/>
</test>
<doc>Essa suite testa o site da Amazon.com.br</doc>
<status status="PASS" starttime="20221012 20:09:54.538" endtime="20221012 20:10:15.698"/>
</suite>
<statistics>
<total>
<stat pass="2" fail="0" skip="0">All Tests</stat>
</total>
<tag>
<stat pass="1" fail="0" skip="0">buscar produtos</stat>
<stat pass="1" fail="0" skip="0">lista da busca</stat>
<stat pass="1" fail="0" skip="0">menus categoria</stat>
</tag>
<suite>
<stat pass="2" fail="0" skip="0" id="s1" name="Amazon Testes">Amazon Testes</stat>
</suite>
</statistics>
<errors>
</errors>
</robot>
